Request 'pruebasApi' submitted at 4/24/2024, 09:28:40:246
Request: {
  "name": "pruebasApi",
  "type": "request",
  "url": "https://restcountries.com/v3.1/alpha/BRA?fields=cca3,name,borders",
  "method": "GET",
  "headers": {},
  "submitted": "2024-04-24T15:28:40.246Z",
  "runId": "1f8f87600"
}
Response: {
  "runId": "1f8f87600",
  "status": {
    "code": 200,
    "message": "OK"
  },
  "headers": {
    "cache-control": "public, immutable, max-age=31556926",
    "content-length": "242",
    "content-type": "application/json"
  },
  "body": "{\"name\":{\"common\":\"Brazil\",\"official\":\"Federative Republic of Brazil\",\"nativeName\":{\"por\":{\"official\":\"República Federativa do Brasil\",\"common\":\"Brasil\"}}},\"cca3\":\"BRA\",\"borders\":[\"ARG\",\"BOL\",\"COL\",\"GUF\",\"GUY\",\"PRY\",\"PER\",\"SUR\",\"URY\",\"VEN\"]}",
  "time": 294
}
Request 'pruebasApi' SUBMITTED
